<?xml version="1.0" encoding="UTF-8"?>
<!-- Generated by org.testng.reporters.JUnitReportReporter -->
<testsuite hostname="DESKTOP-1GE4O1O" failures="0" tests="1" name="AgeAvgTest" time="0.019" errors="0" timestamp="2022-02-20T15:08:07 GMT+07:00" skipped="0">
  <testcase classname="AgeAvgTest" name="avgAgeTest" time="0.019"/>
  <system-out/>
</testsuite> <!-- AgeAvgTest -->
