<?xml version="1.0" encoding="UTF-8"?>
<!-- Generated by org.testng.reporters.JUnitReportReporter -->
<testsuite hostname="DESKTOP-1GE4O1O" failures="0" tests="1" name="MinAgeTest" time="0.001" errors="0" timestamp="2022-02-20T15:08:07 GMT+07:00" skipped="0">
  <testcase classname="MinAgeTest" name="minAgeTest" time="0.001"/>
  <system-out/>
</testsuite> <!-- MinAgeTest -->
